Virtual User Script started at: 2023/4/10 15:15:58
Starting action vuser_init.
Web Turbo Replay of LoadRunner 2021.0.0 for Windows 10; build 430 (1‘¬ 05 2021 19:27:22)  	[MsgId: MMSG-26983]
Run mode: HTML  	[MsgId: MMSG-26993]
Replay user agent: Mozilla/5.0 (compatible; MSIE 10.0; Windows NT 6.1; Trident/6.0)  	[MsgId: MMSG-26988]
Runtime Settings file: "D:\± º«\SoftwareTest\≤‚ ‘∞∏¿˝\Ω≈±æΩ·ππ\\default.cfg"  	[MsgId: MMSG-27141]
≤‚ ‘1
Ending action vuser_init.
Running Vuser...
Starting iteration 1.
Maximum number of concurrent connections per server: 6  	[MsgId: MMSG-26989]
Starting action Action.
≤‚ ‘2
Ending action Action.
Ending iteration 1.
Ending Vuser...
Starting action vuser_end.
≤‚ ‘3
Ending action vuser_end.
Vuser Terminated.
