Virtual User Script started at: 2023/4/22 13:59:14
Starting action vuser_init.
Web Turbo Replay of LoadRunner 2021.0.0 for Windows 10; build 430 (1ÔÂ 05 2021 19:27:22)  	[MsgId: MMSG-26983]
Run mode: HTML  	[MsgId: MMSG-26993]
Replay user agent: Mozilla/5.0 (compatible; MSIE 10.0; Windows NT 6.1; Trident/6.0)  	[MsgId: MMSG-26988]
Runtime Settings file: "D:\±Ê¼Ç\SoftwareTest\²âÊÔ°¸Àý\WebHttpHtml1\\default.cfg"  	[MsgId: MMSG-27141]
Ending action vuser_init.
Running Vuser...
Starting iteration 1.
Maximum number of concurrent connections per server: 6  	[MsgId: MMSG-26989]
Starting action Action.
Action.c(8): web_save_timestamp_param("web_save_timestamp_param") started  	[MsgId: MMSG-26355]
Action.c(8): web_save_timestamp_param("web_save_timestamp_param") was successful  	[MsgId: MMSG-26392]
{start}1682143154151
Action.c(8): web_save_timestamp_param("web_save_timestamp_param") started  	[MsgId: MMSG-26355]
Action.c(8): web_save_timestamp_param("web_save_timestamp_param") was successful  	[MsgId: MMSG-26392]
{start}1682143154294
Action.c(8): web_save_timestamp_param("web_save_timestamp_param") started  	[MsgId: MMSG-26355]
Action.c(8): web_save_timestamp_param("web_save_timestamp_param") was successful  	[MsgId: MMSG-26392]
{start}1682143154438
Action.c(8): web_save_timestamp_param("web_save_timestamp_param") started  	[MsgId: MMSG-26355]
Action.c(8): web_save_timestamp_param("web_save_timestamp_param") was successful  	[MsgId: MMSG-26392]
{start}1682143154582
Action.c(8): web_save_timestamp_param("web_save_timestamp_param") started  	[MsgId: MMSG-26355]
Action.c(8): web_save_timestamp_param("web_save_timestamp_param") was successful  	[MsgId: MMSG-26392]
{start}1682143154726
Action.c(8): web_save_timestamp_param("web_save_timestamp_param") started  	[MsgId: MMSG-26355]
Action.c(8): web_save_timestamp_param("web_save_timestamp_param") was successful  	[MsgId: MMSG-26392]
{start}1682143154870
Action.c(8): web_save_timestamp_param("web_save_timestamp_param") started  	[MsgId: MMSG-26355]
Action.c(8): web_save_timestamp_param("web_save_timestamp_param") was successful  	[MsgId: MMSG-26392]
{start}1682143155014
Action.c(8): web_save_timestamp_param("web_save_timestamp_param") started  	[MsgId: MMSG-26355]
Action.c(8): web_save_timestamp_param("web_save_timestamp_param") was successful  	[MsgId: MMSG-26392]
{start}1682143155158
Action.c(8): web_save_timestamp_param("web_save_timestamp_param") started  	[MsgId: MMSG-26355]
Action.c(8): web_save_timestamp_param("web_save_timestamp_param") was successful  	[MsgId: MMSG-26392]
{start}1682143155300
Action.c(8): web_save_timestamp_param("web_save_timestamp_param") started  	[MsgId: MMSG-26355]
Action.c(8): web_save_timestamp_param("web_save_timestamp_param") was successful  	[MsgId: MMSG-26392]
{start}1682143155445
Action.c(8): web_save_timestamp_param("web_save_timestamp_param") started  	[MsgId: MMSG-26355]
Action.c(8): web_save_timestamp_param("web_save_timestamp_param") was successful  	[MsgId: MMSG-26392]
{start}1682143155588
Action.c(8): web_save_timestamp_param("web_save_timestamp_param") started  	[MsgId: MMSG-26355]
Action.c(8): web_save_timestamp_param("web_save_timestamp_param") was successful  	[MsgId: MMSG-26392]
{start}1682143155732
Action.c(8): web_save_timestamp_param("web_save_timestamp_param") started  	[MsgId: MMSG-26355]
Action.c(8): web_save_timestamp_param("web_save_timestamp_param") was successful  	[MsgId: MMSG-26392]
{start}1682143155876
Action.c(8): web_save_timestamp_param("web_save_timestamp_param") started  	[MsgId: MMSG-26355]
Action.c(8): web_save_timestamp_param("web_save_timestamp_param") was successful  	[MsgId: MMSG-26392]
{start}1682143156020
Action.c(8): web_save_timestamp_param("web_save_timestamp_param") started  	[MsgId: MMSG-26355]
Action.c(8): web_save_timestamp_param("web_save_timestamp_param") was successful  	[MsgId: MMSG-26392]
{start}1682143156164
Action.c(8): web_save_timestamp_param("web_save_timestamp_param") started  	[MsgId: MMSG-26355]
Action.c(8): web_save_timestamp_param("web_save_timestamp_param") was successful  	[MsgId: MMSG-26392]
{start}1682143156308
Action.c(8): web_save_timestamp_param("web_save_timestamp_param") started  	[MsgId: MMSG-26355]
Action.c(8): web_save_timestamp_param("web_save_timestamp_param") was successful  	[MsgId: MMSG-26392]
{start}1682143156451
Action.c(8): web_save_timestamp_param("web_save_timestamp_param") started  	[MsgId: MMSG-26355]
Action.c(8): web_save_timestamp_param("web_save_timestamp_param") was successful  	[MsgId: MMSG-26392]
{start}1682143156593
Action.c(8): web_save_timestamp_param("web_save_timestamp_param") started  	[MsgId: MMSG-26355]
Action.c(8): web_save_timestamp_param("web_save_timestamp_param") was successful  	[MsgId: MMSG-26392]
{start}1682143156737
Action.c(8): web_save_timestamp_param("web_save_timestamp_param") started  	[MsgId: MMSG-26355]
Action.c(8): web_save_timestamp_param("web_save_timestamp_param") was successful  	[MsgId: MMSG-26392]
{start}1682143156880
Action.c(8): web_save_timestamp_param("web_save_timestamp_param") started  	[MsgId: MMSG-26355]
Action.c(8): web_save_timestamp_param("web_save_timestamp_param") was successful  	[MsgId: MMSG-26392]
{start}1682143157022
Action.c(8): web_save_timestamp_param("web_save_timestamp_param") started  	[MsgId: MMSG-26355]
Action.c(8): web_save_timestamp_param("web_save_timestamp_param") was successful  	[MsgId: MMSG-26392]
{start}1682143157166
Action.c(8): web_save_timestamp_param("web_save_timestamp_param") started  	[MsgId: MMSG-26355]
Action.c(8): web_save_timestamp_param("web_save_timestamp_param") was successful  	[MsgId: MMSG-26392]
{start}1682143157316
Action.c(8): web_save_timestamp_param("web_save_timestamp_param") started  	[MsgId: MMSG-26355]
Action.c(8): web_save_timestamp_param("web_save_timestamp_param") was successful  	[MsgId: MMSG-26392]
{start}1682143157453
Action.c(8): web_save_timestamp_param("web_save_timestamp_param") started  	[MsgId: MMSG-26355]
Action.c(8): web_save_timestamp_param("web_save_timestamp_param") was successful  	[MsgId: MMSG-26392]
{start}1682143157596
Action.c(8): web_save_timestamp_param("web_save_timestamp_param") started  	[MsgId: MMSG-26355]
Action.c(8): web_save_timestamp_param("web_save_timestamp_param") was successful  	[MsgId: MMSG-26392]
{start}1682143157738
Action.c(8): web_save_timestamp_param("web_save_timestamp_param") started  	[MsgId: MMSG-26355]
Action.c(8): web_save_timestamp_param("web_save_timestamp_param") was successful  	[MsgId: MMSG-26392]
{start}1682143157882
Action.c(8): web_save_timestamp_param("web_save_timestamp_param") started  	[MsgId: MMSG-26355]
Action.c(8): web_save_timestamp_param("web_save_timestamp_param") was successful  	[MsgId: MMSG-26392]
{start}1682143158026
Action.c(8): web_save_timestamp_param("web_save_timestamp_param") started  	[MsgId: MMSG-26355]
Action.c(8): web_save_timestamp_param("web_save_timestamp_param") was successful  	[MsgId: MMSG-26392]
{start}1682143158169
Action.c(8): web_save_timestamp_param("web_save_timestamp_param") started  	[MsgId: MMSG-26355]
Action.c(8): web_save_timestamp_param("web_save_timestamp_param") was successful  	[MsgId: MMSG-26392]
{start}1682143158312
Action.c(8): web_save_timestamp_param("web_save_timestamp_param") started  	[MsgId: MMSG-26355]
Action.c(8): web_save_timestamp_param("web_save_timestamp_param") was successful  	[MsgId: MMSG-26392]
{start}1682143158457
Action.c(8): web_save_timestamp_param("web_save_timestamp_param") started  	[MsgId: MMSG-26355]
Action.c(8): web_save_timestamp_param("web_save_timestamp_param") was successful  	[MsgId: MMSG-26392]
{start}1682143158601
Action.c(8): web_save_timestamp_param("web_save_timestamp_param") started  	[MsgId: MMSG-26355]
Action.c(8): web_save_timestamp_param("web_save_timestamp_param") was successful  	[MsgId: MMSG-26392]
{start}1682143158744
Action.c(8): web_save_timestamp_param("web_save_timestamp_param") started  	[MsgId: MMSG-26355]
Action.c(8): web_save_timestamp_param("web_save_timestamp_param") was successful  	[MsgId: MMSG-26392]
{start}1682143158888
Action.c(8): web_save_timestamp_param("web_save_timestamp_param") started  	[MsgId: MMSG-26355]
Action.c(8): web_save_timestamp_param("web_save_timestamp_param") was successful  	[MsgId: MMSG-26392]
{start}1682143159032
Action.c(8): web_save_timestamp_param("web_save_timestamp_param") started  	[MsgId: MMSG-26355]
Action.c(8): web_save_timestamp_param("web_save_timestamp_param") was successful  	[MsgId: MMSG-26392]
{start}1682143159174
Action.c(8): web_save_timestamp_param("web_save_timestamp_param") started  	[MsgId: MMSG-26355]
Action.c(8): web_save_timestamp_param("web_save_timestamp_param") was successful  	[MsgId: MMSG-26392]
{start}1682143159314
Action.c(8): web_save_timestamp_param("web_save_timestamp_param") started  	[MsgId: MMSG-26355]
Action.c(8): web_save_timestamp_param("web_save_timestamp_param") was successful  	[MsgId: MMSG-26392]
{start}1682143159456
Action.c(8): web_save_timestamp_param("web_save_timestamp_param") started  	[MsgId: MMSG-26355]
Action.c(8): web_save_timestamp_param("web_save_timestamp_param") was successful  	[MsgId: MMSG-26392]
{start}1682143159596
Action.c(8): web_save_timestamp_param("web_save_timestamp_param") started  	[MsgId: MMSG-26355]
Action.c(8): web_save_timestamp_param("web_save_timestamp_param") was successful  	[MsgId: MMSG-26392]
{start}1682143159740
Action.c(8): web_save_timestamp_param("web_save_timestamp_param") started  	[MsgId: MMSG-26355]
Action.c(8): web_save_timestamp_param("web_save_timestamp_param") was successful  	[MsgId: MMSG-26392]
{start}1682143159882
Action.c(8): web_save_timestamp_param("web_save_timestamp_param") started  	[MsgId: MMSG-26355]
Action.c(8): web_save_timestamp_param("web_save_timestamp_param") was successful  	[MsgId: MMSG-26392]
{start}1682143160026
Action.c(8): web_save_timestamp_param("web_save_timestamp_param") started  	[MsgId: MMSG-26355]
Action.c(8): web_save_timestamp_param("web_save_timestamp_param") was successful  	[MsgId: MMSG-26392]
{start}1682143160170
Action.c(8): web_save_timestamp_param("web_save_timestamp_param") started  	[MsgId: MMSG-26355]
Action.c(8): web_save_timestamp_param("web_save_timestamp_param") was successful  	[MsgId: MMSG-26392]
Abort was called from an action.
Ending Vuser...
Starting action vuser_end.
Ending action vuser_end.
Vuser Terminated.
